<?xml version="1.0" encoding="UTF-8"?>
<testsuite xmlns:xsi="http://www.w3.org/2001/XMLSchema-instance" xsi:noNamespaceSchemaLocation="https://maven.apache.org/surefire/maven-surefire-plugin/xsd/surefire-test-report-3.0.xsd" version="3.0" name="com.hexaware.test.OrderDaoTest" time="0.054" tests="1" errors="0" skipped="0" failures="0">
  <properties>
[...]
</properties>
  <testcase name="testAddToCart" classname="com.hexaware.test.OrderDaoTest" time="0.053">
    <system-out><![CDATA[----------------------------
Order placed succesfully...
your order id : 70
Total amount  : 1999.98
----------------------------
]]></system-out>
  </testcase>
</testsuite>